<?xml version="1.0" encoding="UTF-8"?>
<!-- Generated by org.testng.reporters.JUnitReportReporter -->
<testsuite hostname="shreya-PC" failures="0" tests="10" name="com.qa.opencart.test.AccountsPageTest" time="62.327" errors="0" timestamp="11 Oct 2021 14:57:32 GMT" skipped="0">
  <testcase classname="com.qa.opencart.test.AccountsPageTest" name="accPageLogoutLinkTest" time="0.528"/>
  <testcase classname="com.qa.opencart.test.AccountsPageTest" name="selectProductTest" time="21.386"/>
  <testcase classname="com.qa.opencart.test.AccountsPageTest" name="selectProductTest" time="18.510"/>
  <testcase classname="com.qa.opencart.test.AccountsPageTest" name="accPageSearchTest" time="0.199"/>
  <testcase classname="com.qa.opencart.test.AccountsPageTest" name="accPageSecHeaderTest" time="0.330"/>
  <testcase classname="com.qa.opencart.test.AccountsPageTest" name="accPageTitleTest" time="0.032"/>
  <testcase classname="com.qa.opencart.test.AccountsPageTest" name="searchTest" time="5.183"/>
  <testcase classname="com.qa.opencart.test.AccountsPageTest" name="searchTest" time="4.032"/>
  <testcase classname="com.qa.opencart.test.AccountsPageTest" name="selectProductTest" time="9.006"/>
  <testcase classname="com.qa.opencart.test.AccountsPageTest" name="searchTest" time="3.121"/>
</testsuite> <!-- com.qa.opencart.test.AccountsPageTest -->
