<?xml version="1.0" encoding="UTF-8"?>
<!-- Generated by org.testng.reporters.JUnitReportReporter -->
<testsuite hostname="shreya-PC" failures="0" tests="4" name="com.qa.opencart.test.LoginPageTest" time="6.077" errors="0" timestamp="11 Oct 2021 14:57:32 GMT" skipped="0">
  <testcase classname="com.qa.opencart.test.LoginPageTest" name="loginPageUrlTest" time="0.021"/>
  <testcase classname="com.qa.opencart.test.LoginPageTest" name="forgotPwdLinkTest" time="0.965"/>
  <testcase classname="com.qa.opencart.test.LoginPageTest" name="loginPageTest" time="5.040"/>
  <testcase classname="com.qa.opencart.test.LoginPageTest" name="loginPageTitleTest" time="0.051"/>
</testsuite> <!-- com.qa.opencart.test.LoginPageTest -->
