<?xml version="1.0" encoding="UTF-8"?>
<!-- Generated by org.testng.reporters.JUnitReportReporter -->
<testsuite hostname="shreya-PC" failures="0" tests="1" name="com.qa.opencart.test.regestrationpageTest" time="8.416" errors="0" timestamp="05 Oct 2021 16:25:25 GMT" skipped="0">
  <testcase classname="com.qa.opencart.test.regestrationpageTest" name="regestrationTest" time="8.416"/>
</testsuite> <!-- com.qa.opencart.test.regestrationpageTest -->
